<?xml version="1.0" encoding="UTF-8"?>
<testsuite name="J:/3. automation testing/day34-- folder structure of maven ,upload to github/Assignment Answers/restfullbooker/src/test/java/org/restfullbooker"
           tests="4"
           failures="0"
           errors="0"
           skipped="0"
           time="6.810">
    <properties></properties>



            <testcase
                name="resfullBoookerGetAllBokingHeaderContentType"
                time="3.065"
                classname="org.restfullbooker.task_3_positive._3_GitId.RestFullBookerGetIdTestCases">
            </testcase>
            <testcase
                name="resfullBoookerGetBookingJsonSchema"
                time="1.294"
                classname="org.restfullbooker.task_3_positive._3_GitId.RestFullBookerGetIdTestCases">
            </testcase>
            <testcase
                name="resfullBookerUpdateBookingStatusOk"
                time="1.192"
                classname="org.restfullbooker.task_3_positive._3_GitId.RestFullBookerGetIdTestCases">
            </testcase>
            <testcase
                name="resfullBookerGetAllBookingContainsFirstnameAsText"
                time="1.259"
                classname="org.restfullbooker.task_3_positive._3_GitId.RestFullBookerGetIdTestCases">
            </testcase>
</testsuite>
