<?xml version="1.0" encoding="UTF-8"?>
<testsuite name="J:/3. automation testing/day34-- folder structure of maven ,upload to github/Assignment Answers/restfullbooker/src/test/java/org/restfullbooker"
           tests="2"
           failures="0"
           errors="0"
           skipped="0"
           time="2.341">
    <properties></properties>



            <testcase
                name="restBookerRequestDeleteUserStatusOk"
                time="1.187"
                classname="org.restfullbooker.task_2_positive._2_getdeletinguser.RestfullBookerGetDeletedUserTestCases">
            </testcase>
            <testcase
                name="restBookerRequestDeleteUserContentType"
                time="1.154"
                classname="org.restfullbooker.task_2_positive._2_getdeletinguser.RestfullBookerGetDeletedUserTestCases">
            </testcase>
</testsuite>
