<?xml version="1.0" encoding="UTF-8"?>
<testsuite name="J:/3. automation testing/day34-- folder structure of maven ,upload to github/Assignment Answers/restfullbooker"
           tests="4"
           failures="0"
           errors="0"
           skipped="0"
           time="1.271">
    <properties></properties>



            <testcase
                name="resfullBookerUpdateBookingStatusOk"
                time="1.210"
                classname="org.restfullbooker.task_3_positive._2_updatatbooking.RestFullBookerUpdateBookingTestCases">
            </testcase>
            <testcase
                name="resfullBoookerGetAllBokingHeaderContentType"
                time="0.005"
                classname="org.restfullbooker.task_3_positive._2_updatatbooking.RestFullBookerUpdateBookingTestCases">
            </testcase>
            <testcase
                name="resfullBoookerGetBookingJsonSchema"
                time="0.046"
                classname="org.restfullbooker.task_3_positive._2_updatatbooking.RestFullBookerUpdateBookingTestCases">
            </testcase>
            <testcase
                name="resfullBookerGetAllBookingContainsFirstnameAsText"
                time="0.010"
                classname="org.restfullbooker.task_3_positive._2_updatatbooking.RestFullBookerUpdateBookingTestCases">
            </testcase>
</testsuite>
