<?xml version="1.0" encoding="UTF-8"?>
<testsuite name="J:/3. automation testing/day34-- folder structure of maven ,upload to github/Assignment Answers/restfullbooker/src/test/java/org/restfullbooker"
           tests="4"
           failures="0"
           errors="0"
           skipped="0"
           time="6.718">
    <properties></properties>



            <testcase
                name="resfullBookerGetAllBookingStatusOk"
                time="1.669"
                classname="org.restfullbooker.task_6_negative._1_getallbooking.RestFullBookerGetAllBookingTestCases">
            </testcase>
            <testcase
                name="resfullBoookerGetAllBokingHeaderContentType"
                time="1.468"
                classname="org.restfullbooker.task_6_negative._1_getallbooking.RestFullBookerGetAllBookingTestCases">
            </testcase>
            <testcase
                name="resfullBookerGetAllBookingContainsBookingIdAsText"
                time="1.720"
                classname="org.restfullbooker.task_6_negative._1_getallbooking.RestFullBookerGetAllBookingTestCases">
            </testcase>
            <testcase
                name="resfullBoookerGetBookingJsonSchema"
                time="1.861"
                classname="org.restfullbooker.task_6_negative._1_getallbooking.RestFullBookerGetAllBookingTestCases">
            </testcase>
</testsuite>
