<?xml version="1.0" encoding="UTF-8"?>
<testsuite name="J:/3. automation testing/day34-- folder structure of maven ,upload to github/Assignment Answers/restfullbooker/src/test/java/org/restfullbooker"
           tests="4"
           failures="0"
           errors="0"
           skipped="0"
           time="4.825">
    <properties></properties>



            <testcase
                name="resfullBoookerGetAllBokingHeaderContentType"
                time="1.191"
                classname="org.restfullbooker.task_3_positive._2_updatatbooking.RestFullBookerUpdateBookingTestCases">
            </testcase>
            <testcase
                name="resfullBookerUpdateBookingStatusOk"
                time="1.188"
                classname="org.restfullbooker.task_3_positive._2_updatatbooking.RestFullBookerUpdateBookingTestCases">
            </testcase>
            <testcase
                name="resfullBoookerGetBookingJsonSchema"
                time="1.216"
                classname="org.restfullbooker.task_3_positive._2_updatatbooking.RestFullBookerUpdateBookingTestCases">
            </testcase>
            <testcase
                name="resfullBookerGetAllBookingContainsFirstnameAsText"
                time="1.230"
                classname="org.restfullbooker.task_3_positive._2_updatatbooking.RestFullBookerUpdateBookingTestCases">
            </testcase>
</testsuite>
