<?xml version="1.0" encoding="UTF-8"?>
<testsuite name="restfullbooker"
           tests="4"
           failures="0"
           errors="0"
           skipped="0"
           time="1.350">
    <properties></properties>



            <testcase
                name="resfullBoookerUpdateBookingJsonSchema"
                time="0.059"
                classname="org.restfullbooker.task_1_positive._3_updatebookingname.RestfullBookerUpdateBookingTestCases">
            </testcase>
            <testcase
                name="resfullBoookerUpdateBokingHeaderContentType"
                time="0.006"
                classname="org.restfullbooker.task_1_positive._3_updatebookingname.RestfullBookerUpdateBookingTestCases">
            </testcase>
            <testcase
                name="resfullBookerUpdateBookingStatusOk"
                time="0.003"
                classname="org.restfullbooker.task_1_positive._3_updatebookingname.RestfullBookerUpdateBookingTestCases">
            </testcase>
            <testcase
                name="resfullBookerUpdataBookingFirstName"
                time="1.282"
                classname="org.restfullbooker.task_1_positive._3_updatebookingname.RestfullBookerUpdateBookingTestCases">
            </testcase>
</testsuite>
