<?xml version="1.0" encoding="UTF-8"?>
<testsuite name="restfullbooker"
           tests="6"
           failures="0"
           errors="0"
           skipped="0"
           time="11.501">
    <properties></properties>



            <testcase
                name="resfullBoookerResponseIsThere"
                time="0.011"
                classname="org.restfullbooker.task_5_negative._1_createtoken.RestfulBookerTokenTestCases">
            </testcase>
            <testcase
                name="resfullBoookerTokenBodyJsonSchema"
                time="3.317"
                classname="org.restfullbooker.task_5_negative._1_createtoken.RestfulBookerTokenTestCases">
            </testcase>
            <testcase
                name="resfullBoookerTokenHeaderContentType"
                time="0.049"
                classname="org.restfullbooker.task_5_negative._1_createtoken.RestfulBookerTokenTestCases">
            </testcase>
            <testcase
                name="resfullBoookerTokenBodyToken"
                time="5.325"
                classname="org.restfullbooker.task_5_negative._1_createtoken.RestfulBookerTokenTestCases">
            </testcase>
            <testcase
                name="resfullBoookerResponseContainToken"
                time="2.785"
                classname="org.restfullbooker.task_5_negative._1_createtoken.RestfulBookerTokenTestCases">
            </testcase>
            <testcase
                name="resfullBoookerTokenStatusOk"
                time="0.014"
                classname="org.restfullbooker.task_5_negative._1_createtoken.RestfulBookerTokenTestCases">
            </testcase>
</testsuite>
