<?xml version="1.0" encoding="UTF-8"?>
<testsuite name="restfullbooker"
           tests="1"
           failures="0"
           errors="0"
           skipped="0"
           time="1.285">
    <properties></properties>



            <testcase
                name="resfullBookerCreateBookingStatusOk"
                time="1.285"
                classname="org.restfullbooker.task_5_negative._2_createbookingwrongpayload.RestfullBookerCreateBookingWrongPayloadTestCases">
            </testcase>
</testsuite>
