<?xml version="1.0" encoding="UTF-8"?>
<testsuite name="restfullbooker"
           tests="5"
           failures="0"
           errors="0"
           skipped="0"
           time="1.515">
    <properties></properties>



            <testcase
                name="resfullBookerResponseContainBookingId"
                time="0.019"
                classname="org.restfullbooker.task_4_positive._1_createbooking.RestfullBookerCreateBookingTestCases">
            </testcase>
            <testcase
                name="resfullBookerCreateBookingBookingId"
                time="0.109"
                classname="org.restfullbooker.task_4_positive._1_createbooking.RestfullBookerCreateBookingTestCases">
            </testcase>
            <testcase
                name="resfullBookerTokenBodyJsonSchema"
                time="0.054"
                classname="org.restfullbooker.task_4_positive._1_createbooking.RestfullBookerCreateBookingTestCases">
            </testcase>
            <testcase
                name="resfullBookerCreateBokingHeaderContentType"
                time="1.324"
                classname="org.restfullbooker.task_4_positive._1_createbooking.RestfullBookerCreateBookingTestCases">
            </testcase>
            <testcase
                name="resfullBookerCreateBookingStatusOk"
                time="0.009"
                classname="org.restfullbooker.task_4_positive._1_createbooking.RestfullBookerCreateBookingTestCases">
            </testcase>
</testsuite>
