<?xml version="1.0" encoding="UTF-8"?>
<testsuite name="J:/3. automation testing/day34-- folder structure of maven ,upload to github/Assignment Answers/restfullbooker/src/test/java/org/restfullbooker"
           tests="6"
           failures="0"
           errors="0"
           skipped="0"
           time="8.829">
    <properties></properties>



            <testcase
                name="resfullBoookerTokenBodyToken"
                time="1.588"
                classname="org.restfullbooker.task_5_negative._1_createtoken.RestfulBookerTokenTestCases">
            </testcase>
            <testcase
                name="resfullBoookerResponseContainToken"
                time="1.408"
                classname="org.restfullbooker.task_5_negative._1_createtoken.RestfulBookerTokenTestCases">
            </testcase>
            <testcase
                name="resfullBoookerTokenHeaderContentType"
                time="1.372"
                classname="org.restfullbooker.task_5_negative._1_createtoken.RestfulBookerTokenTestCases">
            </testcase>
            <testcase
                name="resfullBoookerTokenBodyJsonSchema"
                time="1.618"
                classname="org.restfullbooker.task_5_negative._1_createtoken.RestfulBookerTokenTestCases">
            </testcase>
            <testcase
                name="resfullBoookerResponseIsThere"
                time="1.353"
                classname="org.restfullbooker.task_5_negative._1_createtoken.RestfulBookerTokenTestCases">
            </testcase>
            <testcase
                name="resfullBoookerTokenStatusOk"
                time="1.490"
                classname="org.restfullbooker.task_5_negative._1_createtoken.RestfulBookerTokenTestCases">
            </testcase>
</testsuite>
