<?xml version="1.0" encoding="UTF-8"?>
<testsuite name="J:/3. automation testing/day34-- folder structure of maven ,upload to github/Assignment Answers/restfullbooker"
           tests="5"
           failures="0"
           errors="0"
           skipped="0"
           time="2.016">
    <properties></properties>



            <testcase
                name="resfullBookerCreateBookingStatusOk"
                time="0.004"
                classname="org.restfullbooker.task_1_positive._2_createbooking.RestfullBookerCreateBookingTestCases">
            </testcase>
            <testcase
                name="resfullBookerCreateBookingBookingId"
                time="0.106"
                classname="org.restfullbooker.task_1_positive._2_createbooking.RestfullBookerCreateBookingTestCases">
            </testcase>
            <testcase
                name="resfullBookerResponseContainBookingId"
                time="1.795"
                classname="org.restfullbooker.task_1_positive._2_createbooking.RestfullBookerCreateBookingTestCases">
            </testcase>
            <testcase
                name="resfullBookerCreateBokingHeaderContentType"
                time="0.004"
                classname="org.restfullbooker.task_1_positive._2_createbooking.RestfullBookerCreateBookingTestCases">
            </testcase>
            <testcase
                name="resfullBookerTokenBodyJsonSchema"
                time="0.107"
                classname="org.restfullbooker.task_1_positive._2_createbooking.RestfullBookerCreateBookingTestCases">
            </testcase>
</testsuite>
