<?xml version="1.0" encoding="UTF-8"?>
<testsuite name="J:/3. automation testing/day34-- folder structure of maven ,upload to github/Assignment Answers/restfullbooker"
           tests="4"
           failures="0"
           errors="0"
           skipped="0"
           time="7.866">
    <properties></properties>



            <testcase
                name="resfullBoookerGetBookingJsonSchema"
                time="2.255"
                classname="org.restfullbooker.task_6_negative._1_getallbooking.RestFullBookerGetAllBookingTestCases">
            </testcase>
            <testcase
                name="resfullBookerGetAllBookingContainsBookingIdAsText"
                time="2.370"
                classname="org.restfullbooker.task_6_negative._1_getallbooking.RestFullBookerGetAllBookingTestCases">
            </testcase>
            <testcase
                name="resfullBookerGetAllBookingStatusOk"
                time="1.640"
                classname="org.restfullbooker.task_6_negative._1_getallbooking.RestFullBookerGetAllBookingTestCases">
            </testcase>
            <testcase
                name="resfullBoookerGetAllBokingHeaderContentType"
                time="1.601"
                classname="org.restfullbooker.task_6_negative._1_getallbooking.RestFullBookerGetAllBookingTestCases">
            </testcase>
</testsuite>
