<?xml version="1.0" encoding="UTF-8"?>
<testsuite name="J:/3. automation testing/day34-- folder structure of maven ,upload to github/Assignment Answers/restfullbooker"
           tests="6"
           failures="0"
           errors="0"
           skipped="0"
           time="16.994">
    <properties></properties>



            <testcase
                name="resfullBoookerResponseContainToken"
                time="0.073"
                classname="org.restfullbooker.task_1_positive._1_createtoken.RestfulBookerTokenTestCases">
            </testcase>
            <testcase
                name="resfullBoookerResponseIsThere"
                time="11.103"
                classname="org.restfullbooker.task_1_positive._1_createtoken.RestfulBookerTokenTestCases">
            </testcase>
            <testcase
                name="resfullBoookerTokenBodyToken"
                time="2.597"
                classname="org.restfullbooker.task_1_positive._1_createtoken.RestfulBookerTokenTestCases">
            </testcase>
            <testcase
                name="resfullBoookerTokenHeaderContentType"
                time="0.004"
                classname="org.restfullbooker.task_1_positive._1_createtoken.RestfulBookerTokenTestCases">
            </testcase>
            <testcase
                name="resfullBoookerTokenBodyJsonSchema"
                time="3.213"
                classname="org.restfullbooker.task_1_positive._1_createtoken.RestfulBookerTokenTestCases">
            </testcase>
            <testcase
                name="resfullBoookerTokenStatusOk"
                time="0.004"
                classname="org.restfullbooker.task_1_positive._1_createtoken.RestfulBookerTokenTestCases">
            </testcase>
</testsuite>
