<?xml version="1.0" encoding="UTF-8"?>
<testsuite name="J:/3. automation testing/day34-- folder structure of maven ,upload to github/Assignment Answers/restfullbooker/src/test/java/org/restfullbooker"
           tests="4"
           failures="0"
           errors="0"
           skipped="0"
           time="5.208">
    <properties></properties>



            <testcase
                name="resfullBoookerGetBookingJsonSchema"
                time="1.293"
                classname="org.restfullbooker.task_3_positive._1_getallbooking.RestFullBookerGetAllBookingTestCases">
            </testcase>
            <testcase
                name="resfullBookerGetAllBookingContainsBookingIdAsText"
                time="1.441"
                classname="org.restfullbooker.task_3_positive._1_getallbooking.RestFullBookerGetAllBookingTestCases">
            </testcase>
            <testcase
                name="resfullBookerGetAllBookingStatusOk"
                time="1.223"
                classname="org.restfullbooker.task_3_positive._1_getallbooking.RestFullBookerGetAllBookingTestCases">
            </testcase>
            <testcase
                name="resfullBoookerGetAllBokingHeaderContentType"
                time="1.251"
                classname="org.restfullbooker.task_3_positive._1_getallbooking.RestFullBookerGetAllBookingTestCases">
            </testcase>
</testsuite>
