<?xml version="1.0" encoding="UTF-8"?>
<testsuite name="J:/3. automation testing/day34-- folder structure of maven ,upload to github/Assignment Answers/restfullbooker/src/test/java/org/restfullbooker"
           tests="5"
           failures="0"
           errors="0"
           skipped="0"
           time="6.118">
    <properties></properties>



            <testcase
                name="resfullBookerResponseContainBookingId"
                time="1.169"
                classname="org.restfullbooker.task_4_positive._1_createbooking.RestfullBookerCreateBookingTestCases">
            </testcase>
            <testcase
                name="resfullBookerTokenBodyJsonSchema"
                time="1.246"
                classname="org.restfullbooker.task_4_positive._1_createbooking.RestfullBookerCreateBookingTestCases">
            </testcase>
            <testcase
                name="resfullBookerCreateBookingStatusOk"
                time="1.185"
                classname="org.restfullbooker.task_4_positive._1_createbooking.RestfullBookerCreateBookingTestCases">
            </testcase>
            <testcase
                name="resfullBookerCreateBookingBookingId"
                time="1.253"
                classname="org.restfullbooker.task_4_positive._1_createbooking.RestfullBookerCreateBookingTestCases">
            </testcase>
            <testcase
                name="resfullBookerCreateBokingHeaderContentType"
                time="1.265"
                classname="org.restfullbooker.task_4_positive._1_createbooking.RestfullBookerCreateBookingTestCases">
            </testcase>
</testsuite>
