<?xml version="1.0" encoding="UTF-8"?>
<testsuite name="J:/3. automation testing/day34-- folder structure of maven ,upload to github/Assignment Answers/restfullbooker/src/test/java/org/restfullbooker"
           tests="1"
           failures="0"
           errors="0"
           skipped="0"
           time="1.169">
    <properties></properties>



            <testcase
                name="resfullBookerCreateBookingStatusOk"
                time="1.169"
                classname="org.restfullbooker.task_5_negative._2_createbookingwrongpayload.RestfullBookerCreateBookingWrongPayloadTestCases">
            </testcase>
</testsuite>
